# JRE version: Java(TM) SE Runtime Environment (8.0_91-b14) (build 1.8.0_91-b14)
# Java VM: Java HotSpot(TM) Client VM (25.91-b14 mixed mode windows-x86 )
Heap:
 def new generation   total 39424K, used 24628K [0x04600000, 0x070c0000, 0x0f0a0000)
  eden space 35072K,  64% used [0x04600000, 0x05c222f0, 0x06840000)
  from space 4352K,  45% used [0x06840000, 0x06a2b108, 0x06c80000)
  to   space 4352K,   0% used [0x06c80000, 0x06c80000, 0x070c0000)
 tenured generation   total 87424K, used 29011K [0x0f0a0000, 0x14600000, 0x24600000)
   the space 87424K,  33% used [0x0f0a0000, 0x10cf4f40, 0x10cf5000, 0x14600000)
 Metaspace       used 18348K, capacity 18771K, committed 18816K, reserved 18816K
GC Heap History (10 events):
Event: 3.894 GC heap before
{Heap before GC invocations=2 (full 0):
 def new generation   total 39296K, used 12890K [0x04600000, 0x070a0000, 0x0f0a0000)
  eden space 34944K,  24% used [0x04600000, 0x04e56b40, 0x06820000)
  from space 4352K, 100% used [0x06820000, 0x06c60000, 0x06c60000)
  to   space 4352K,   0% used [0x06c60000, 0x06c60000, 0x070a0000)
 tenured generation   total 87424K, used 6209K [0x0f0a0000, 0x14600000, 0x24600000)
   the space 87424K,   7% used [0x0f0a0000, 0x0f6b0788, 0x0f6b0800, 0x14600000)
 Metaspace       used 11972K, capacity 12282K, committed 12288K, reserved 12672K
Event: 3.924 GC heap after
Heap after GC invocations=3 (full 1):
 def new generation   total 39424K, used 0K [0x04600000, 0x070c0000, 0x0f0a0000)
  eden space 35072K,   0% used [0x04600000, 0x04600000, 0x06840000)
  from space 4352K,   0% used [0x06840000, 0x06840000, 0x06c80000)
  to   space 4352K,   0% used [0x06c80000, 0x06c80000, 0x070c0000)
 tenured generation   total 87424K, used 8959K [0x0f0a0000, 0x14600000, 0x24600000)
   the space 87424K,  10% used [0x0f0a0000, 0x0f95ff78, 0x0f960000, 0x14600000)
 Metaspace       used 11972K, capacity 12282K, committed 12288K, reserved 12672K
}
Event: 5.079 GC heap before
{Heap before GC invocations=3 (full 1):
 def new generation   total 39424K, used 29286K [0x04600000, 0x070c0000, 0x0f0a0000)
  eden space 35072K,  83% used [0x04600000, 0x062999f0, 0x06840000)
  from space 4352K,   0% used [0x06840000, 0x06840000, 0x06c80000)
  to   space 4352K,   0% used [0x06c80000, 0x06c80000, 0x070c0000)
 tenured generation   total 87424K, used 8959K [0x0f0a0000, 0x14600000, 0x24600000)
   the space 87424K,  10% used [0x0f0a0000, 0x0f95ff78, 0x0f960000, 0x14600000)
 Metaspace       used 16503K, capacity 16882K, committed 17024K, reserved 17792K
Event: 5.090 GC heap after
Heap after GC invocations=4 (full 1):
 def new generation   total 39424K, used 4352K [0x04600000, 0x070c0000, 0x0f0a0000)
  eden space 35072K,   0% used [0x04600000, 0x04600000, 0x06840000)
  from space 4352K, 100% used [0x06c80000, 0x070c0000, 0x070c0000)
  to   space 4352K,   0% used [0x06840000, 0x06840000, 0x06c80000)
 tenured generation   total 87424K, used 9599K [0x0f0a0000, 0x14600000, 0x24600000)
   the space 87424K,  10% used [0x0f0a0000, 0x0f9ffff0, 0x0fa00000, 0x14600000)
 Metaspace       used 16503K, capacity 16882K, committed 17024K, reserved 17792K
}
Event: 65.756 GC heap before
{Heap before GC invocations=4 (full 1):
 def new generation   total 39424K, used 39424K [0x04600000, 0x070c0000, 0x0f0a0000)
  eden space 35072K, 100% used [0x04600000, 0x06840000, 0x06840000)
  from space 4352K, 100% used [0x06c80000, 0x070c0000, 0x070c0000)
  to   space 4352K,   0% used [0x06840000, 0x06840000, 0x06c80000)
 tenured generation   total 87424K, used 9599K [0x0f0a0000, 0x14600000, 0x24600000)
   the space 87424K,  10% used [0x0f0a0000, 0x0f9ffff0, 0x0fa00000, 0x14600000)
 Metaspace       used 17534K, capacity 17941K, committed 18048K, reserved 18816K
Event: 65.799 GC heap after
Heap after GC invocations=5 (full 1):
 def new generation   total 39424K, used 4352K [0x04600000, 0x070c0000, 0x0f0a0000)
  eden space 35072K,   0% used [0x04600000, 0x04600000, 0x06840000)
  from space 4352K, 100% used [0x06840000, 0x06c80000, 0x06c80000)
  to   space 4352K,   0% used [0x06c80000, 0x06c80000, 0x070c0000)
 tenured generation   total 87424K, used 24836K [0x0f0a0000, 0x14600000, 0x24600000)
   the space 87424K,  28% used [0x0f0a0000, 0x108e11a0, 0x108e1200, 0x14600000)
 Metaspace       used 17534K, capacity 17941K, committed 18048K, reserved 18816K
}
Event: 316.760 GC heap before
{Heap before GC invocations=5 (full 1):
 def new generation   total 39424K, used 39424K [0x04600000, 0x070c0000, 0x0f0a0000)
  eden space 35072K, 100% used [0x04600000, 0x06840000, 0x06840000)
  from space 4352K, 100% used [0x06840000, 0x06c80000, 0x06c80000)
  to   space 4352K,   0% used [0x06c80000, 0x06c80000, 0x070c0000)
 tenured generation   total 87424K, used 24836K [0x0f0a0000, 0x14600000, 0x24600000)
   the space 87424K,  28% used [0x0f0a0000, 0x108e11a0, 0x108e1200, 0x14600000)
 Metaspace       used 18135K, capacity 18540K, committed 18560K, reserved 18816K
Event: 316.784 GC heap after
Heap after GC invocations=6 (full 1):
 def new generation   total 39424K, used 3435K [0x04600000, 0x070c0000, 0x0f0a0000)
  eden space 35072K,   0% used [0x04600000, 0x04600000, 0x06840000)
  from space 4352K,  78% used [0x06c80000, 0x06fdad10, 0x070c0000)
  to   space 4352K,   0% used [0x06840000, 0x06840000, 0x06c80000)
 tenured generation   total 87424K, used 27897K [0x0f0a0000, 0x14600000, 0x24600000)
   the space 87424K,  31% used [0x0f0a0000, 0x10bde4f8, 0x10bde600, 0x14600000)
 Metaspace       used 18135K, capacity 18540K, committed 18560K, reserved 18816K
}
Event: 557.692 GC heap before
{Heap before GC invocations=6 (full 1):
 def new generation   total 39424K, used 38507K [0x04600000, 0x070c0000, 0x0f0a0000)
  eden space 35072K, 100% used [0x04600000, 0x06840000, 0x06840000)
  from space 4352K,  78% used [0x06c80000, 0x06fdad10, 0x070c0000)
  to   space 4352K,   0% used [0x06840000, 0x06840000, 0x06c80000)
 tenured generation   total 87424K, used 27897K [0x0f0a0000, 0x14600000, 0x24600000)
   the space 87424K,  31% used [0x0f0a0000, 0x10bde4f8, 0x10bde600, 0x14600000)
 Metaspace       used 18335K, capacity 18734K, committed 18816K, reserved 18816K
Event: 557.700 GC heap after
Heap after GC invocations=7 (full 1):
 def new generation   total 39424K, used 1964K [0x04600000, 0x070c0000, 0x0f0a0000)
  eden space 35072K,   0% used [0x04600000, 0x04600000, 0x06840000)
  from space 4352K,  45% used [0x06840000, 0x06a2b108, 0x06c80000)
  to   space 4352K,   0% used [0x06c80000, 0x06c80000, 0x070c0000)
 tenured generation   total 87424K, used 29011K [0x0f0a0000, 0x14600000, 0x24600000)
   the space 87424K,  33% used [0x0f0a0000, 0x10cf4f40, 0x10cf5000, 0x14600000)
 Metaspace       used 18335K, capacity 18734K, committed 18816K, reserved 18816K
}

