# JRE version: Java(TM) SE Runtime Environment (8.0_91-b14) (build 1.8.0_91-b14)
# Java VM: Java HotSpot(TM) Client VM (25.91-b14 mixed mode windows-x86 )
Heap:
 def new generation   total 39424K, used 9537K [0x04a00000, 0x074c0000, 0x0f4a0000)
  eden space 35072K,  15% used [0x04a00000, 0x04f4fed0, 0x06c40000)
  from space 4352K,  94% used [0x06c40000, 0x07040908, 0x07080000)
  to   space 4352K,   0% used [0x07080000, 0x07080000, 0x074c0000)
 tenured generation   total 87424K, used 23674K [0x0f4a0000, 0x14a00000, 0x24a00000)
   the space 87424K,  27% used [0x0f4a0000, 0x10bbeb08, 0x10bbec00, 0x14a00000)
 Metaspace       used 17472K, capacity 17872K, committed 17920K, reserved 18816K
GC Heap History (10 events):
Event: 2.431 GC heap before
{Heap before GC invocations=0 (full 0):
 def new generation   total 39296K, used 34944K [0x04a00000, 0x074a0000, 0x0f4a0000)
  eden space 34944K, 100% used [0x04a00000, 0x06c20000, 0x06c20000)
  from space 4352K,   0% used [0x06c20000, 0x06c20000, 0x07060000)
  to   space 4352K,   0% used [0x07060000, 0x07060000, 0x074a0000)
 tenured generation   total 87424K, used 0K [0x0f4a0000, 0x14a00000, 0x24a00000)
   the space 87424K,   0% used [0x0f4a0000, 0x0f4a0000, 0x0f4a0200, 0x14a00000)
 Metaspace       used 7769K, capacity 7949K, committed 8064K, reserved 8576K
Event: 2.443 GC heap after
Heap after GC invocations=1 (full 0):
 def new generation   total 39296K, used 4352K [0x04a00000, 0x074a0000, 0x0f4a0000)
  eden space 34944K,   0% used [0x04a00000, 0x04a00000, 0x06c20000)
  from space 4352K, 100% used [0x07060000, 0x074a0000, 0x074a0000)
  to   space 4352K,   0% used [0x06c20000, 0x06c20000, 0x07060000)
 tenured generation   total 87424K, used 1657K [0x0f4a0000, 0x14a00000, 0x24a00000)
   the space 87424K,   1% used [0x0f4a0000, 0x0f63e738, 0x0f63e800, 0x14a00000)
 Metaspace       used 7769K, capacity 7949K, committed 8064K, reserved 8576K
}
Event: 3.494 GC heap before
{Heap before GC invocations=1 (full 0):
 def new generation   total 39296K, used 39296K [0x04a00000, 0x074a0000, 0x0f4a0000)
  eden space 34944K, 100% used [0x04a00000, 0x06c20000, 0x06c20000)
  from space 4352K, 100% used [0x07060000, 0x074a0000, 0x074a0000)
  to   space 4352K,   0% used [0x06c20000, 0x06c20000, 0x07060000)
 tenured generation   total 87424K, used 1657K [0x0f4a0000, 0x14a00000, 0x24a00000)
   the space 87424K,   1% used [0x0f4a0000, 0x0f63e738, 0x0f63e800, 0x14a00000)
 Metaspace       used 11527K, capacity 11848K, committed 11904K, reserved 12672K
Event: 3.507 GC heap after
Heap after GC invocations=2 (full 0):
 def new generation   total 39296K, used 4352K [0x04a00000, 0x074a0000, 0x0f4a0000)
  eden space 34944K,   0% used [0x04a00000, 0x04a00000, 0x06c20000)
  from space 4352K, 100% used [0x06c20000, 0x07060000, 0x07060000)
  to   space 4352K,   0% used [0x07060000, 0x07060000, 0x074a0000)
 tenured generation   total 87424K, used 6173K [0x0f4a0000, 0x14a00000, 0x24a00000)
   the space 87424K,   7% used [0x0f4a0000, 0x0faa76d0, 0x0faa7800, 0x14a00000)
 Metaspace       used 11527K, capacity 11848K, committed 11904K, reserved 12672K
}
Event: 4.368 GC heap before
{Heap before GC invocations=2 (full 0):
 def new generation   total 39296K, used 14419K [0x04a00000, 0x074a0000, 0x0f4a0000)
  eden space 34944K,  28% used [0x04a00000, 0x053d4d38, 0x06c20000)
  from space 4352K, 100% used [0x06c20000, 0x07060000, 0x07060000)
  to   space 4352K,   0% used [0x07060000, 0x07060000, 0x074a0000)
 tenured generation   total 87424K, used 6173K [0x0f4a0000, 0x14a00000, 0x24a00000)
   the space 87424K,   7% used [0x0f4a0000, 0x0faa76d0, 0x0faa7800, 0x14a00000)
 Metaspace       used 11971K, capacity 12285K, committed 12288K, reserved 12672K
Event: 4.391 GC heap after
Heap after GC invocations=3 (full 1):
 def new generation   total 39424K, used 0K [0x04a00000, 0x074c0000, 0x0f4a0000)
  eden space 35072K,   0% used [0x04a00000, 0x04a00000, 0x06c40000)
  from space 4352K,   0% used [0x06c40000, 0x06c40000, 0x07080000)
  to   space 4352K,   0% used [0x07080000, 0x07080000, 0x074c0000)
 tenured generation   total 87424K, used 8902K [0x0f4a0000, 0x14a00000, 0x24a00000)
   the space 87424K,  10% used [0x0f4a0000, 0x0fd51898, 0x0fd51a00, 0x14a00000)
 Metaspace       used 11971K, capacity 12285K, committed 12288K, reserved 12672K
}
Event: 5.325 GC heap before
{Heap before GC invocations=3 (full 1):
 def new generation   total 39424K, used 28829K [0x04a00000, 0x074c0000, 0x0f4a0000)
  eden space 35072K,  82% used [0x04a00000, 0x06627728, 0x06c40000)
  from space 4352K,   0% used [0x06c40000, 0x06c40000, 0x07080000)
  to   space 4352K,   0% used [0x07080000, 0x07080000, 0x074c0000)
 tenured generation   total 87424K, used 8902K [0x0f4a0000, 0x14a00000, 0x24a00000)
   the space 87424K,  10% used [0x0f4a0000, 0x0fd51898, 0x0fd51a00, 0x14a00000)
 Metaspace       used 16566K, capacity 16917K, committed 17024K, reserved 17792K
Event: 5.335 GC heap after
Heap after GC invocations=4 (full 1):
 def new generation   total 39424K, used 4352K [0x04a00000, 0x074c0000, 0x0f4a0000)
  eden space 35072K,   0% used [0x04a00000, 0x04a00000, 0x06c40000)
  from space 4352K, 100% used [0x07080000, 0x074c0000, 0x074c0000)
  to   space 4352K,   0% used [0x06c40000, 0x06c40000, 0x07080000)
 tenured generation   total 87424K, used 9693K [0x0f4a0000, 0x14a00000, 0x24a00000)
   the space 87424K,  11% used [0x0f4a0000, 0x0fe174e0, 0x0fe17600, 0x14a00000)
 Metaspace       used 16566K, capacity 16917K, committed 17024K, reserved 17792K
}
Event: 908.967 GC heap before
{Heap before GC invocations=4 (full 1):
 def new generation   total 39424K, used 39424K [0x04a00000, 0x074c0000, 0x0f4a0000)
  eden space 35072K, 100% used [0x04a00000, 0x06c40000, 0x06c40000)
  from space 4352K, 100% used [0x07080000, 0x074c0000, 0x074c0000)
  to   space 4352K,   0% used [0x06c40000, 0x06c40000, 0x07080000)
 tenured generation   total 87424K, used 9693K [0x0f4a0000, 0x14a00000, 0x24a00000)
   the space 87424K,  11% used [0x0f4a0000, 0x0fe174e0, 0x0fe17600, 0x14a00000)
 Metaspace       used 17471K, capacity 17870K, committed 17920K, reserved 18816K
Event: 908.983 GC heap after
Heap after GC invocations=5 (full 1):
 def new generation   total 39424K, used 4098K [0x04a00000, 0x074c0000, 0x0f4a0000)
  eden space 35072K,   0% used [0x04a00000, 0x04a00000, 0x06c40000)
  from space 4352K,  94% used [0x06c40000, 0x07040908, 0x07080000)
  to   space 4352K,   0% used [0x07080000, 0x07080000, 0x074c0000)
 tenured generation   total 87424K, used 23674K [0x0f4a0000, 0x14a00000, 0x24a00000)
   the space 87424K,  27% used [0x0f4a0000, 0x10bbeb08, 0x10bbec00, 0x14a00000)
 Metaspace       used 17471K, capacity 17870K, committed 17920K, reserved 18816K
}

