# JRE version: Java(TM) SE Runtime Environment (8.0_91-b14) (build 1.8.0_91-b14)
# Java VM: Java HotSpot(TM) Client VM (25.91-b14 mixed mode windows-x86 )
Heap:
 def new generation   total 39424K, used 8553K [0x04c00000, 0x076c0000, 0x0f6a0000)
  eden space 35072K,  22% used [0x04c00000, 0x053b1b20, 0x06e40000)
  from space 4352K,  15% used [0x06e40000, 0x06ee8be8, 0x07280000)
  to   space 4352K,   0% used [0x07280000, 0x07280000, 0x076c0000)
 tenured generation   total 87424K, used 31670K [0x0f6a0000, 0x14c00000, 0x24c00000)
   the space 87424K,  36% used [0x0f6a0000, 0x1158d978, 0x1158da00, 0x14c00000)
 Metaspace       used 18144K, capacity 18547K, committed 18560K, reserved 18816K
GC Heap History (10 events):
Event: 9415.445 GC heap before
{Heap before GC invocations=802 (full 1):
 def new generation   total 39424K, used 36829K [0x04c00000, 0x076c0000, 0x0f6a0000)
  eden space 35072K, 100% used [0x04c00000, 0x06e40000, 0x06e40000)
  from space 4352K,  40% used [0x07280000, 0x074377f0, 0x076c0000)
  to   space 4352K,   0% used [0x06e40000, 0x06e40000, 0x07280000)
 tenured generation   total 87424K, used 31589K [0x0f6a0000, 0x14c00000, 0x24c00000)
   the space 87424K,  36% used [0x0f6a0000, 0x11579598, 0x11579600, 0x14c00000)
 Metaspace       used 18134K, capacity 18547K, committed 18560K, reserved 18816K
Event: 9415.450 GC heap after
Heap after GC invocations=803 (full 1):
 def new generation   total 39424K, used 1416K [0x04c00000, 0x076c0000, 0x0f6a0000)
  eden space 35072K,   0% used [0x04c00000, 0x04c00000, 0x06e40000)
  from space 4352K,  32% used [0x06e40000, 0x06fa2220, 0x07280000)
  to   space 4352K,   0% used [0x07280000, 0x07280000, 0x076c0000)
 tenured generation   total 87424K, used 31589K [0x0f6a0000, 0x14c00000, 0x24c00000)
   the space 87424K,  36% used [0x0f6a0000, 0x11579598, 0x11579600, 0x14c00000)
 Metaspace       used 18134K, capacity 18547K, committed 18560K, reserved 18816K
}
Event: 9488.887 GC heap before
{Heap before GC invocations=803 (full 1):
 def new generation   total 39424K, used 36488K [0x04c00000, 0x076c0000, 0x0f6a0000)
  eden space 35072K, 100% used [0x04c00000, 0x06e40000, 0x06e40000)
  from space 4352K,  32% used [0x06e40000, 0x06fa2220, 0x07280000)
  to   space 4352K,   0% used [0x07280000, 0x07280000, 0x076c0000)
 tenured generation   total 87424K, used 31589K [0x0f6a0000, 0x14c00000, 0x24c00000)
   the space 87424K,  36% used [0x0f6a0000, 0x11579598, 0x11579600, 0x14c00000)
 Metaspace       used 18143K, capacity 18547K, committed 18560K, reserved 18816K
Event: 9488.891 GC heap after
Heap after GC invocations=804 (full 1):
 def new generation   total 39424K, used 2249K [0x04c00000, 0x076c0000, 0x0f6a0000)
  eden space 35072K,   0% used [0x04c00000, 0x04c00000, 0x06e40000)
  from space 4352K,  51% used [0x07280000, 0x074b2770, 0x076c0000)
  to   space 4352K,   0% used [0x06e40000, 0x06e40000, 0x07280000)
 tenured generation   total 87424K, used 31589K [0x0f6a0000, 0x14c00000, 0x24c00000)
   the space 87424K,  36% used [0x0f6a0000, 0x11579598, 0x11579600, 0x14c00000)
 Metaspace       used 18143K, capacity 18547K, committed 18560K, reserved 18816K
}
Event: 9550.458 GC heap before
{Heap before GC invocations=804 (full 1):
 def new generation   total 39424K, used 37321K [0x04c00000, 0x076c0000, 0x0f6a0000)
  eden space 35072K, 100% used [0x04c00000, 0x06e40000, 0x06e40000)
  from space 4352K,  51% used [0x07280000, 0x074b2770, 0x076c0000)
  to   space 4352K,   0% used [0x06e40000, 0x06e40000, 0x07280000)
 tenured generation   total 87424K, used 31589K [0x0f6a0000, 0x14c00000, 0x24c00000)
   the space 87424K,  36% used [0x0f6a0000, 0x11579598, 0x11579600, 0x14c00000)
 Metaspace       used 18144K, capacity 18547K, committed 18560K, reserved 18816K
Event: 9550.463 GC heap after
Heap after GC invocations=805 (full 1):
 def new generation   total 39424K, used 1237K [0x04c00000, 0x076c0000, 0x0f6a0000)
  eden space 35072K,   0% used [0x04c00000, 0x04c00000, 0x06e40000)
  from space 4352K,  28% used [0x06e40000, 0x06f757f8, 0x07280000)
  to   space 4352K,   0% used [0x07280000, 0x07280000, 0x076c0000)
 tenured generation   total 87424K, used 31670K [0x0f6a0000, 0x14c00000, 0x24c00000)
   the space 87424K,  36% used [0x0f6a0000, 0x1158d978, 0x1158da00, 0x14c00000)
 Metaspace       used 18144K, capacity 18547K, committed 18560K, reserved 18816K
}
Event: 9794.731 GC heap before
{Heap before GC invocations=805 (full 1):
 def new generation   total 39424K, used 36309K [0x04c00000, 0x076c0000, 0x0f6a0000)
  eden space 35072K, 100% used [0x04c00000, 0x06e40000, 0x06e40000)
  from space 4352K,  28% used [0x06e40000, 0x06f757f8, 0x07280000)
  to   space 4352K,   0% used [0x07280000, 0x07280000, 0x076c0000)
 tenured generation   total 87424K, used 31670K [0x0f6a0000, 0x14c00000, 0x24c00000)
   the space 87424K,  36% used [0x0f6a0000, 0x1158d978, 0x1158da00, 0x14c00000)
 Metaspace       used 18144K, capacity 18547K, committed 18560K, reserved 18816K
Event: 9794.734 GC heap after
Heap after GC invocations=806 (full 1):
 def new generation   total 39424K, used 1781K [0x04c00000, 0x076c0000, 0x0f6a0000)
  eden space 35072K,   0% used [0x04c00000, 0x04c00000, 0x06e40000)
  from space 4352K,  40% used [0x07280000, 0x0743d460, 0x076c0000)
  to   space 4352K,   0% used [0x06e40000, 0x06e40000, 0x07280000)
 tenured generation   total 87424K, used 31670K [0x0f6a0000, 0x14c00000, 0x24c00000)
   the space 87424K,  36% used [0x0f6a0000, 0x1158d978, 0x1158da00, 0x14c00000)
 Metaspace       used 18144K, capacity 18547K, committed 18560K, reserved 18816K
}
Event: 9952.208 GC heap before
{Heap before GC invocations=806 (full 1):
 def new generation   total 39424K, used 36853K [0x04c00000, 0x076c0000, 0x0f6a0000)
  eden space 35072K, 100% used [0x04c00000, 0x06e40000, 0x06e40000)
  from space 4352K,  40% used [0x07280000, 0x0743d460, 0x076c0000)
  to   space 4352K,   0% used [0x06e40000, 0x06e40000, 0x07280000)
 tenured generation   total 87424K, used 31670K [0x0f6a0000, 0x14c00000, 0x24c00000)
   the space 87424K,  36% used [0x0f6a0000, 0x1158d978, 0x1158da00, 0x14c00000)
 Metaspace       used 18144K, capacity 18547K, committed 18560K, reserved 18816K
Event: 9952.211 GC heap after
Heap after GC invocations=807 (full 1):
 def new generation   total 39424K, used 674K [0x04c00000, 0x076c0000, 0x0f6a0000)
  eden space 35072K,   0% used [0x04c00000, 0x04c00000, 0x06e40000)
  from space 4352K,  15% used [0x06e40000, 0x06ee8be8, 0x07280000)
  to   space 4352K,   0% used [0x07280000, 0x07280000, 0x076c0000)
 tenured generation   total 87424K, used 31670K [0x0f6a0000, 0x14c00000, 0x24c00000)
   the space 87424K,  36% used [0x0f6a0000, 0x1158d978, 0x1158da00, 0x14c00000)
 Metaspace       used 18144K, capacity 18547K, committed 18560K, reserved 18816K
}

