# JRE version: Java(TM) SE Runtime Environment (8.0_91-b14) (build 1.8.0_91-b14)
# Java VM: Java HotSpot(TM) Client VM (25.91-b14 mixed mode windows-x86 )
Heap:
 def new generation   total 39424K, used 27994K [0x05400000, 0x07ec0000, 0x0fea0000)
  eden space 35072K,  78% used [0x05400000, 0x06ec0948, 0x07640000)
  from space 4352K,  13% used [0x07640000, 0x076d6050, 0x07a80000)
  to   space 4352K,   0% used [0x07a80000, 0x07a80000, 0x07ec0000)
 tenured generation   total 87424K, used 46113K [0x0fea0000, 0x15400000, 0x25400000)
   the space 87424K,  52% used [0x0fea0000, 0x12ba85d8, 0x12ba8600, 0x15400000)
 Metaspace       used 18146K, capacity 18565K, committed 18688K, reserved 18816K
GC Heap History (10 events):
Event: 1528.513 GC heap before
{Heap before GC invocations=208 (full 1):
 def new generation   total 39424K, used 36813K [0x05400000, 0x07ec0000, 0x0fea0000)
  eden space 35072K, 100% used [0x05400000, 0x07640000, 0x07640000)
  from space 4352K,  40% used [0x07a80000, 0x07c33630, 0x07ec0000)
  to   space 4352K,   0% used [0x07640000, 0x07640000, 0x07a80000)
 tenured generation   total 87424K, used 43608K [0x0fea0000, 0x15400000, 0x25400000)
   the space 87424K,  49% used [0x0fea0000, 0x12936028, 0x12936200, 0x15400000)
 Metaspace       used 18143K, capacity 18562K, committed 18688K, reserved 18816K
Event: 1528.515 GC heap after
Heap after GC invocations=209 (full 1):
 def new generation   total 39424K, used 1752K [0x05400000, 0x07ec0000, 0x0fea0000)
  eden space 35072K,   0% used [0x05400000, 0x05400000, 0x07640000)
  from space 4352K,  40% used [0x07640000, 0x077f6198, 0x07a80000)
  to   space 4352K,   0% used [0x07a80000, 0x07a80000, 0x07ec0000)
 tenured generation   total 87424K, used 43608K [0x0fea0000, 0x15400000, 0x25400000)
   the space 87424K,  49% used [0x0fea0000, 0x12936028, 0x12936200, 0x15400000)
 Metaspace       used 18143K, capacity 18562K, committed 18688K, reserved 18816K
}
Event: 1542.576 GC heap before
{Heap before GC invocations=209 (full 1):
 def new generation   total 39424K, used 36824K [0x05400000, 0x07ec0000, 0x0fea0000)
  eden space 35072K, 100% used [0x05400000, 0x07640000, 0x07640000)
  from space 4352K,  40% used [0x07640000, 0x077f6198, 0x07a80000)
  to   space 4352K,   0% used [0x07a80000, 0x07a80000, 0x07ec0000)
 tenured generation   total 87424K, used 43608K [0x0fea0000, 0x15400000, 0x25400000)
   the space 87424K,  49% used [0x0fea0000, 0x12936028, 0x12936200, 0x15400000)
 Metaspace       used 18145K, capacity 18565K, committed 18688K, reserved 18816K
Event: 1542.579 GC heap after
Heap after GC invocations=210 (full 1):
 def new generation   total 39424K, used 2629K [0x05400000, 0x07ec0000, 0x0fea0000)
  eden space 35072K,   0% used [0x05400000, 0x05400000, 0x07640000)
  from space 4352K,  60% used [0x07a80000, 0x07d116f0, 0x07ec0000)
  to   space 4352K,   0% used [0x07640000, 0x07640000, 0x07a80000)
 tenured generation   total 87424K, used 43608K [0x0fea0000, 0x15400000, 0x25400000)
   the space 87424K,  49% used [0x0fea0000, 0x12936028, 0x12936200, 0x15400000)
 Metaspace       used 18145K, capacity 18565K, committed 18688K, reserved 18816K
}
Event: 1549.892 GC heap before
{Heap before GC invocations=210 (full 1):
 def new generation   total 39424K, used 37701K [0x05400000, 0x07ec0000, 0x0fea0000)
  eden space 35072K, 100% used [0x05400000, 0x07640000, 0x07640000)
  from space 4352K,  60% used [0x07a80000, 0x07d116f0, 0x07ec0000)
  to   space 4352K,   0% used [0x07640000, 0x07640000, 0x07a80000)
 tenured generation   total 87424K, used 43608K [0x0fea0000, 0x15400000, 0x25400000)
   the space 87424K,  49% used [0x0fea0000, 0x12936028, 0x12936200, 0x15400000)
 Metaspace       used 18145K, capacity 18565K, committed 18688K, reserved 18816K
Event: 1549.899 GC heap after
Heap after GC invocations=211 (full 1):
 def new generation   total 39424K, used 66K [0x05400000, 0x07ec0000, 0x0fea0000)
  eden space 35072K,   0% used [0x05400000, 0x05400000, 0x07640000)
  from space 4352K,   1% used [0x07640000, 0x07650a10, 0x07a80000)
  to   space 4352K,   0% used [0x07a80000, 0x07a80000, 0x07ec0000)
 tenured generation   total 87424K, used 46113K [0x0fea0000, 0x15400000, 0x25400000)
   the space 87424K,  52% used [0x0fea0000, 0x12ba85d8, 0x12ba8600, 0x15400000)
 Metaspace       used 18145K, capacity 18565K, committed 18688K, reserved 18816K
}
Event: 1555.214 GC heap before
{Heap before GC invocations=211 (full 1):
 def new generation   total 39424K, used 35138K [0x05400000, 0x07ec0000, 0x0fea0000)
  eden space 35072K, 100% used [0x05400000, 0x07640000, 0x07640000)
  from space 4352K,   1% used [0x07640000, 0x07650a10, 0x07a80000)
  to   space 4352K,   0% used [0x07a80000, 0x07a80000, 0x07ec0000)
 tenured generation   total 87424K, used 46113K [0x0fea0000, 0x15400000, 0x25400000)
   the space 87424K,  52% used [0x0fea0000, 0x12ba85d8, 0x12ba8600, 0x15400000)
 Metaspace       used 18145K, capacity 18565K, committed 18688K, reserved 18816K
Event: 1555.215 GC heap after
Heap after GC invocations=212 (full 1):
 def new generation   total 39424K, used 101K [0x05400000, 0x07ec0000, 0x0fea0000)
  eden space 35072K,   0% used [0x05400000, 0x05400000, 0x07640000)
  from space 4352K,   2% used [0x07a80000, 0x07a99638, 0x07ec0000)
  to   space 4352K,   0% used [0x07640000, 0x07640000, 0x07a80000)
 tenured generation   total 87424K, used 46113K [0x0fea0000, 0x15400000, 0x25400000)
   the space 87424K,  52% used [0x0fea0000, 0x12ba85d8, 0x12ba8600, 0x15400000)
 Metaspace       used 18145K, capacity 18565K, committed 18688K, reserved 18816K
}
Event: 1572.258 GC heap before
{Heap before GC invocations=212 (full 1):
 def new generation   total 39424K, used 35173K [0x05400000, 0x07ec0000, 0x0fea0000)
  eden space 35072K, 100% used [0x05400000, 0x07640000, 0x07640000)
  from space 4352K,   2% used [0x07a80000, 0x07a99638, 0x07ec0000)
  to   space 4352K,   0% used [0x07640000, 0x07640000, 0x07a80000)
 tenured generation   total 87424K, used 46113K [0x0fea0000, 0x15400000, 0x25400000)
   the space 87424K,  52% used [0x0fea0000, 0x12ba85d8, 0x12ba8600, 0x15400000)
 Metaspace       used 18146K, capacity 18565K, committed 18688K, reserved 18816K
Event: 1572.262 GC heap after
Heap after GC invocations=213 (full 1):
 def new generation   total 39424K, used 600K [0x05400000, 0x07ec0000, 0x0fea0000)
  eden space 35072K,   0% used [0x05400000, 0x05400000, 0x07640000)
  from space 4352K,  13% used [0x07640000, 0x076d6050, 0x07a80000)
  to   space 4352K,   0% used [0x07a80000, 0x07a80000, 0x07ec0000)
 tenured generation   total 87424K, used 46113K [0x0fea0000, 0x15400000, 0x25400000)
   the space 87424K,  52% used [0x0fea0000, 0x12ba85d8, 0x12ba8600, 0x15400000)
 Metaspace       used 18146K, capacity 18565K, committed 18688K, reserved 18816K
}

